[2025-01-22 18:34:24] ERROR: Signup failed: signupValidation is not a function
[2025-01-22 18:44:04] ERROR: (500) Signup failed: signupValidation is not a function
[2025-01-22 19:24:01] ERROR: (500) Signup failed: logger is not defined
[2025-01-22 19:25:07] ERROR: (500) Signup failed: err is not defined
[2025-01-22 19:26:26] ERROR: (500) Signup failed: err is not defined
[2025-01-22 19:28:04] ERROR: (500) Signup failed: err is not defined
[2025-01-22 19:31:46] ERROR: (500) Signup failed: err is not defined
[2025-01-22 19:32:14] ERROR: (500) Signup failed: err is not defined
[2025-01-22 19:32:55] ERROR: Signup failed: Cannot read properties of undefined (reading 'create')
[2025-01-22 19:32:55] ERROR: (500) Signup failed: 회원가입 실패
[2025-01-22 19:33:39] ERROR: createUser failed: Cannot read properties of undefined (reading 'create')
[2025-01-22 19:33:39] ERROR: (500) Signup failed: 회원가입 실패
[2025-01-22 19:34:22] ERROR: createUser failed: Cannot read properties of undefined (reading 'create')
[2025-01-22 19:34:22] ERROR: (500) Signup failed: createUser 실패
[2025-01-22 19:44:34] ERROR: createUser failed: Cannot read properties of undefined (reading 'create')
[2025-01-22 19:44:34] ERROR: (500) Signup failed: createUser 실패
[2025-01-22 19:48:25] ERROR: createUser failed: Cannot read properties of undefined (reading 'create')
[2025-01-22 19:48:25] ERROR: (500) Signup failed: createUser 실패
[2025-01-22 19:50:27] ERROR: createUser failed: Cannot read properties of undefined (reading 'create')
[2025-01-22 19:50:27] ERROR: (500) Signup failed: createUser 실패
[2025-01-22 19:53:28] ERROR: createUser failed: Cannot read properties of undefined (reading 'create')
[2025-01-22 19:53:28] ERROR: (500) Signup failed: createUser 실패
[2025-01-22 20:42:07] ERROR: createUser failed: Cannot read properties of undefined (reading 'create')
[2025-01-22 20:42:07] ERROR: (500) Signup failed: createUser 실패
[2025-01-22 20:50:51] ERROR: createUser failed: Cannot read properties of undefined (reading 'create')
[2025-01-22 20:50:51] ERROR: (500) Signup failed: createUser 실패
[2025-01-22 20:52:17] ERROR: createUser failed: Cannot read properties of undefined (reading 'create')
[2025-01-22 20:52:17] ERROR: (500) Signup failed: createUser 실패
[2025-01-22 20:58:28] ERROR: createUser failed: Cannot read properties of undefined (reading 'create')
[2025-01-22 20:58:28] ERROR: (500) Signup failed: createUser 실패
[2025-01-22 21:11:38] ERROR: createUser failed: prisma is not defined
[2025-01-22 21:11:38] ERROR: (500) Signup failed: createUser 실패
[2025-01-22 21:12:17] ERROR: createUser failed: Cannot read properties of undefined (reading 'create')
[2025-01-22 21:12:17] ERROR: (500) Signup failed: createUser 실패
[2025-01-22 21:12:51] ERROR: createUser failed: Cannot read properties of undefined (reading 'create')
[2025-01-22 21:12:51] ERROR: (500) Signup failed: createUser 실패
[2025-01-22 21:13:46] ERROR: createUser failed: Cannot read properties of undefined (reading 'create')
[2025-01-22 21:13:46] ERROR: (500) Signup failed: createUser 실패
[2025-01-22 21:22:24] ERROR: createUser failed: 
Invalid `prisma.user.create()` invocation in
/Users/macpro/Projects/TWC_BE_Node/src/domains/auth/signup/signupRepository.js:12:36

   9 try {
  10   console.log('SignupDto:', SignupDto);
  11 
→ 12   const user = await prisma.user.create({
         data: {
           username: "testuser",
           password: "$2a$10$v1lD9.LCLkwq73Ld7aqrP.igoiWEvb.zrGs8ldTT8ThZtliXLYvqG",
           name: "김철수",
           gender: "m",
           birthDate: "2000-01-01"
                      ~~~~~~~~~~~~
         }
       })

Invalid value for argument `birthDate`: premature end of input. Expected ISO-8601 DateTime.
[2025-01-22 21:22:24] ERROR: (500) Signup failed: createUser 실패
[2025-01-22 21:25:59] ERROR: createUser failed: 
Invalid `prisma.user.create()` invocation in
/Users/macpro/Projects/TWC_BE_Node/src/domains/auth/signup/signupRepository.js:12:36

   9 try {
  10   console.log('SignupDto:', SignupDto);
  11 
→ 12   const user = await prisma.user.create({
         data: {
           username: "testuser",
           password: "$2a$10$1qviZFPusYAeyrL5r2uYyuhJkYXPXB33/BD0132.M/KmelwebsFaS",
           name: "김철수",
           gender: "m",
           birthDate: "2000-01-01"
                      ~~~~~~~~~~~~
         }
       })

Invalid value for argument `birthDate`: premature end of input. Expected ISO-8601 DateTime.
[2025-01-22 21:25:59] ERROR: (500) Signup failed: createUser 실패
[2025-01-22 21:26:25] ERROR: createUser failed: 
Invalid `prisma.user.create()` invocation in
/Users/macpro/Projects/TWC_BE_Node/src/domains/auth/signup/signupRepository.js:12:36

   9 try {
  10   console.log('SignupDto:', SignupDto);
  11 
→ 12   const user = await prisma.user.create({
         data: {
           username: "testuser",
           password: "$2a$10$.QNKEyRNrouwP9cC0c3p7.Tq0BjJDQQ3462JO2tkixXjmkQ3zHuxa",
           name: "김철수",
           gender: "m",
           birthDate: "2000-01-01"
                      ~~~~~~~~~~~~
         }
       })

Invalid value for argument `birthDate`: premature end of input. Expected ISO-8601 DateTime.
[2025-01-22 21:26:25] ERROR: (500) Signup failed: createUser 실패
[2025-01-22 21:32:33] ERROR: createUser failed: 
Invalid `prisma.user.create()` invocation in
/Users/macpro/Projects/TWC_BE_Node/src/domains/auth/signup/signupRepository.js:12:36

   9 try {
  10   console.log('SignupDto:', SignupDto);
  11 
→ 12   const user = await prisma.user.create({
         data: {
           username: "testuser",
           password: "$2a$10$EfhliQK/1XJOGmswdQc7Jen3ctw1hOYGXyyIz2hZrwiqcEmf.UH2e",
           name: "김철수",
           gender: "m",
           birthDate: "2000-01-01"
                      ~~~~~~~~~~~~
         }
       })

Invalid value for argument `birthDate`: premature end of input. Expected ISO-8601 DateTime.
[2025-01-22 21:32:33] ERROR: (500) Signup failed: createUser 실패
[2025-01-22 22:07:53] ERROR: createUser failed: 
Invalid `prisma.user.create()` invocation in
/Users/macpro/Projects/TWC_BE_Node/src/domains/auth/signup/signupRepository.js:15:36

  12 //const birthDateObject = new Date(SignupDto.birthDate);
  13 
  14 
→ 15 const user = await prisma.user.create({
       data: {
         username: "testuser5",
         password: "$2a$10$7Gjc7.z54j3J5TLhGbU6L.Olv0fZgnMZJ9FrRFAm5F5Q4G/MVedZS",
         name: "사아자",
         gender: "m",
         birthDate: "1996-05-05"
                    ~~~~~~~~~~~~
       }
     })

Invalid value for argument `birthDate`: premature end of input. Expected ISO-8601 DateTime.
[2025-01-22 22:07:53] ERROR: (500) Signup failed: createUser 실패
[2025-01-22 22:26:42] ERROR: createUser failed: Cannot read properties of undefined (reading 'create')
[2025-01-22 22:26:42] ERROR: (500) Signup failed: createUser 실패
[2025-01-22 23:33:59] ERROR: createUser failed: 
Invalid `prisma.user.create()` invocation in
/Users/macpro/Projects/TWC_BE_Node/src/domains/auth/signup/signupRepository.js:15:36

  12 const birthDateObject = new Date(SignupDto.birthDate);
  13 
  14 
→ 15 const user = await prisma.user.create(
Unique constraint failed on the fields: (`username`)
[2025-01-22 23:33:59] ERROR: (500) Signup failed: createUser 실패
[2025-01-22 23:34:30] ERROR: createUser failed: Cannot access 'user' before initialization
[2025-01-22 23:34:30] ERROR: (500) Signup failed: createUser 실패
[2025-01-22 23:35:36] ERROR: createUser failed: 
Invalid `prisma.user.create()` invocation in
/Users/macpro/Projects/TWC_BE_Node/src/domains/auth/signup/signupRepository.js:15:36

  12 const birthDateObject = new Date(SignupDto.birthDate);
  13 
  14 
→ 15 const user = await prisma.user.create(
Unique constraint failed on the fields: (`username`)
[2025-01-22 23:35:36] ERROR: (500) Signup failed: createUser 실패
[2025-01-22 23:36:00] ERROR: createUser failed: 
Invalid `prisma.user.create()` invocation in
/Users/macpro/Projects/TWC_BE_Node/src/domains/auth/signup/signupRepository.js:15:36

  12 const birthDateObject = new Date(SignupDto.birthDate);
  13 
  14 
→ 15 const user = await prisma.user.create(
Unique constraint failed on the fields: (`username`)
[2025-01-22 23:36:00] ERROR: (500) Signup failed: createUser 실패
[2025-01-30 13:17:12] ERROR: Error creating timeline: 
Invalid `prisma.scrap.findUnique()` invocation in
/Users/macpro/Projects/TWC_BE_Node/src/domains/timeline/timelineService.js:7:36

  4 const { prisma } = require('../../config/db');
  5 
  6 const isScrapExists = async (userId, scrapId) => {
→ 7   const scrap = await prisma.scrap.findUnique({
        where: {
          userId_scrapId: {
          ~~~~~~~~~~~~~~
            userId: 1,
            scrapId: 1
          },
      ?   id?: Int,
      ?   AND?: ScrapWhereInput | ScrapWhereInput[],
      ?   OR?: ScrapWhereInput[],
      ?   NOT?: ScrapWhereInput | ScrapWhereInput[],
      ?   userId?: IntFilter | Int,
      ?   articleId?: IntFilter | Int,
      ?   createdAt?: DateTimeFilter | DateTime,
      ?   user?: UserScalarRelationFilter | UserWhereInput,
      ?   article?: ArticleScalarRelationFilter | ArticleWhereInput,
      ?   timelineItems?: TimelineItemListRelationFilter
        }
      })

Unknown argument `userId_scrapId`. Available options are marked with ?.
[2025-01-30 13:25:07] ERROR: Error creating timeline: 
Invalid `prisma.scrap.findFirst()` invocation in
/Users/macpro/Projects/TWC_BE_Node/src/domains/timeline/timelineService.js:7:36

  4 const { prisma } = require('../../config/db');
  5 
  6 const isScrapExists = async (userId, scrapId) => {
→ 7   const scrap = await prisma.scrap.findFirst({
        where: {
          userId: 1,
          scrapId: 1,
          ~~~~~~~
      ?   AND?: ScrapWhereInput | ScrapWhereInput[],
      ?   OR?: ScrapWhereInput[],
      ?   NOT?: ScrapWhereInput | ScrapWhereInput[],
      ?   id?: IntFilter | Int,
      ?   articleId?: IntFilter | Int,
      ?   createdAt?: DateTimeFilter | DateTime,
      ?   user?: UserScalarRelationFilter | UserWhereInput,
      ?   article?: ArticleScalarRelationFilter | ArticleWhereInput,
      ?   timelineItems?: TimelineItemListRelationFilter
        }
      })

Unknown argument `scrapId`. Available options are marked with ?.
[2025-01-30 13:28:19] ERROR: Error creating timeline: Only articles in your scrap list can be added as timeline items.
[2025-01-30 13:32:53] ERROR: Error creating timeline: Only articles in your scrap list can be added as timeline items.
[2025-01-30 13:52:59] ERROR: Error creating timeline: Only articles in your scrap list can be added as timeline items.
[2025-01-30 14:34:23] ERROR: Error creating timeline: Only articles in your scrap list can be added as timeline items. Invalid items: 1, 3
[2025-01-30 14:38:38] ERROR: Error creating timeline: Only articles in your scrap list can be added as timeline items. Invalid items: 1, 3
[2025-01-30 14:46:31] ERROR: Error creating timeline: Only articles in your scrap list can be added as timeline items. Invalid items: 6
[2025-01-30 14:46:49] ERROR: Error creating timeline: Positions must be continuous and start from 1.
[2025-01-30 14:47:18] ERROR: Error creating timeline: Positions must be continuous and start from 1.
[2025-01-30 14:47:36] ERROR: Error creating timeline: Positions must be continuous and start from 1.
[2025-01-30 15:23:11] ERROR: Error deleting timeline 1: 
Invalid `prisma.timeline.findUnique()` invocation in
/Users/macpro/Projects/TWC_BE_Node/src/domains/timeline/repository/timelineRepository.js:16:32

  13 
  14 // 타임라인 조회
  15 const findById = async (id) => {
→ 16   return await prisma.timeline.findUnique({
         where: {
           id: "1"
               ~~~
         }
       })

Argument `id`: Invalid value provided. Expected Int, provided String.
[2025-01-30 15:26:56] ERROR: Error deleting timeline 1: 
Invalid `prisma.timelineItem.deleteMany()` invocation in
/Users/macpro/Projects/TWC_BE_Node/src/domains/timeline/repository/timelineItemRepository.js:23:36

  20 
  21 const deleteByTimelineId = async (timelineId) => {
  22   // 주어진 timelineId에 해당하는 모든 타임라인 아이템 삭제
→ 23   return await prisma.timelineItem.deleteMany({
         where: {
           timelineId: "1"
                       ~~~
         }
       })

Argument `timelineId`: Invalid value provided. Expected IntFilter or Int, provided String.
[2025-01-30 15:29:02] ERROR: Error deleting timeline 1: 
Invalid `prisma.timeline.delete()` invocation in
/Users/macpro/Projects/TWC_BE_Node/src/domains/timeline/repository/timelineRepository.js:30:38

  27 
  28 // 타임라인 삭제
  29 const deleteById = async (id) => {
→ 30   return await prisma.timeline.delete({
         where: {
           id: "1"
               ~~~
         }
       })

Argument `id`: Invalid value provided. Expected Int, provided String.
[2025-01-31 20:59:51] ERROR: Error retrieving timeline with ID: 4 for user: 4, Error: 
Invalid `prisma.timeline.findFirst()` invocation in
/Users/macpro/Projects/TWC_BE_Node/src/domains/timeline/repository/timelineRepository.js:16:32

  13 
  14 // 타임라인 조회
  15 const findById = async (id, userId) => {
→ 16   return await prisma.timeline.findFirst({
         where: {
           id: 4,
           userId: 4
         },
         include: {
           timelineItems: true,
           ~~~~~~~~~~~~~
       ?   user?: true,
       ?   items?: true
         }
       })

Unknown field `timelineItems` for include statement on model `Timeline`. Available options are marked with ?.
[2025-01-31 20:59:51] ERROR: Failed to retrieve timeline with ID: 4 for user: 4, Error: 
Invalid `prisma.timeline.findFirst()` invocation in
/Users/macpro/Projects/TWC_BE_Node/src/domains/timeline/repository/timelineRepository.js:16:32

  13 
  14 // 타임라인 조회
  15 const findById = async (id, userId) => {
→ 16   return await prisma.timeline.findFirst({
         where: {
           id: 4,
           userId: 4
         },
         include: {
           timelineItems: true,
           ~~~~~~~~~~~~~
       ?   user?: true,
       ?   items?: true
         }
       })

Unknown field `timelineItems` for include statement on model `Timeline`. Available options are marked with ?.
[2025-01-31 21:00:08] ERROR: Error retrieving timeline with ID: 10 for user: 4, Error: 
Invalid `prisma.timeline.findFirst()` invocation in
/Users/macpro/Projects/TWC_BE_Node/src/domains/timeline/repository/timelineRepository.js:16:32

  13 
  14 // 타임라인 조회
  15 const findById = async (id, userId) => {
→ 16   return await prisma.timeline.findFirst({
         where: {
           id: 10,
           userId: 4
         },
         include: {
           timelineItems: true,
           ~~~~~~~~~~~~~
       ?   user?: true,
       ?   items?: true
         }
       })

Unknown field `timelineItems` for include statement on model `Timeline`. Available options are marked with ?.
[2025-01-31 21:00:08] ERROR: Failed to retrieve timeline with ID: 10 for user: 4, Error: 
Invalid `prisma.timeline.findFirst()` invocation in
/Users/macpro/Projects/TWC_BE_Node/src/domains/timeline/repository/timelineRepository.js:16:32

  13 
  14 // 타임라인 조회
  15 const findById = async (id, userId) => {
→ 16   return await prisma.timeline.findFirst({
         where: {
           id: 10,
           userId: 4
         },
         include: {
           timelineItems: true,
           ~~~~~~~~~~~~~
       ?   user?: true,
       ?   items?: true
         }
       })

Unknown field `timelineItems` for include statement on model `Timeline`. Available options are marked with ?.
[2025-01-31 21:43:01] ERROR: Unauthorized attempt or timeline not found: userId = 4, timelineId = 1
[2025-01-31 22:03:03] ERROR: Unauthorized attempt or timeline not found: userId = 1, timelineId = 15
[2025-01-31 22:03:13] ERROR: Unauthorized attempt or timeline not found: userId = 1, timelineId = 13
[2025-01-31 22:03:28] ERROR: Unauthorized attempt or timeline not found: userId = 1, timelineId = 13
[2025-01-31 22:03:42] ERROR: Unauthorized attempt or timeline not found: userId = 1, timelineId = 13
[2025-01-31 22:03:45] ERROR: Unauthorized attempt or timeline not found: userId = 1, timelineId = 15
[2025-02-01 19:42:24] ERROR: Error updating timeline: 
Invalid `prisma.timelineItem.deleteMany()` invocation in
/Users/macpro/Projects/TWC_BE_Node/src/domains/timeline/repository/timelineItemRepository.js:40:29

  37 // 타임라인 수정
  38 const updateItems = async (timelineId, items) => {
  39   // 기존 아이템 삭제
→ 40   await prisma.timelineItem.deleteMany({
         where: {
           timelienId: 13,
           ~~~~~~~~~~
       ?   AND?: TimelineItemWhereInput | TimelineItemWhereInput[],
       ?   OR?: TimelineItemWhereInput[],
       ?   NOT?: TimelineItemWhereInput | TimelineItemWhereInput[],
       ?   id?: IntFilter | Int,
       ?   position?: IntFilter | Int,
       ?   createdAt?: DateTimeFilter | DateTime,
       ?   timelineId?: IntFilter | Int,
       ?   scrapId?: IntFilter | Int,
       ?   timeline?: TimelineScalarRelationFilter | TimelineWhereInput,
       ?   scrap?: ScrapScalarRelationFilter | ScrapWhereInput
         }
       })

Unknown argument `timelienId`. Did you mean `timelineId`? Available options are marked with ?., userId = 4, timelineId = 13
[2025-02-01 19:42:24] ERROR: Failed to update a timeline with ID: 13 for user: 4, Error: 
Invalid `prisma.timelineItem.deleteMany()` invocation in
/Users/macpro/Projects/TWC_BE_Node/src/domains/timeline/repository/timelineItemRepository.js:40:29

  37 // 타임라인 수정
  38 const updateItems = async (timelineId, items) => {
  39   // 기존 아이템 삭제
→ 40   await prisma.timelineItem.deleteMany({
         where: {
           timelienId: 13,
           ~~~~~~~~~~
       ?   AND?: TimelineItemWhereInput | TimelineItemWhereInput[],
       ?   OR?: TimelineItemWhereInput[],
       ?   NOT?: TimelineItemWhereInput | TimelineItemWhereInput[],
       ?   id?: IntFilter | Int,
       ?   position?: IntFilter | Int,
       ?   createdAt?: DateTimeFilter | DateTime,
       ?   timelineId?: IntFilter | Int,
       ?   scrapId?: IntFilter | Int,
       ?   timeline?: TimelineScalarRelationFilter | TimelineWhereInput,
       ?   scrap?: ScrapScalarRelationFilter | ScrapWhereInput
         }
       })

Unknown argument `timelienId`. Did you mean `timelineId`? Available options are marked with ?.
[2025-02-01 19:47:37] ERROR: Error updating timeline: 
Invalid `prisma.timelineItem.createMany()` invocation in
/Users/macpro/Projects/TWC_BE_Node/src/domains/timeline/repository/timelineItemRepository.js:45:30

  42 });
  43 
  44  // 새로운 아이템 추가
→ 45  await prisma.timelineItem.createMany(
Foreign key constraint violated: `timeline_items_scrapId_fkey (index)`, userId = 4, timelineId = 13
[2025-02-01 19:47:37] ERROR: Failed to update a timeline with ID: 13 for user: 4, Error: 
Invalid `prisma.timelineItem.createMany()` invocation in
/Users/macpro/Projects/TWC_BE_Node/src/domains/timeline/repository/timelineItemRepository.js:45:30

  42 });
  43 
  44  // 새로운 아이템 추가
→ 45  await prisma.timelineItem.createMany(
Foreign key constraint violated: `timeline_items_scrapId_fkey (index)`
[2025-02-01 20:06:05] ERROR: Error updating timeline: Positions must be consecutive starting from 1 and cannot have duplicates., userId = 4, timelineId = 13
[2025-02-01 20:06:06] ERROR: Failed to update a timeline with ID: 13 for user: 4, Error: Positions must be consecutive starting from 1 and cannot have duplicates.
[2025-02-01 20:10:43] ERROR: Error updating timeline: undefined, userId = 4, timelineId = 13
[2025-02-01 20:11:18] ERROR: Error updating timeline: undefined, userId = 4, timelineId = 13
[2025-02-01 20:12:33] ERROR: Error updating timeline: 
Invalid `prisma.timelineItem.createMany()` invocation in
/Users/macpro/Projects/TWC_BE_Node/src/domains/timeline/repository/timelineItemRepository.js:45:30

  42 });
  43 
  44  // 새로운 아이템 추가
→ 45  await prisma.timelineItem.createMany(
Unique constraint failed on the fields: (`timelineId`,`scrapId`), userId = 4, timelineId = 13
[2025-02-01 20:12:33] ERROR: Failed to update a timeline with ID: 13 for user: 4, Error: 
Invalid `prisma.timelineItem.createMany()` invocation in
/Users/macpro/Projects/TWC_BE_Node/src/domains/timeline/repository/timelineItemRepository.js:45:30

  42 });
  43 
  44  // 새로운 아이템 추가
→ 45  await prisma.timelineItem.createMany(
Unique constraint failed on the fields: (`timelineId`,`scrapId`)
[2025-02-01 20:24:04] ERROR: Error updating timeline: undefined, userId = 4, timelineId = 13
[2025-02-01 20:24:27] ERROR: Error updating timeline: undefined, userId = 4, timelineId = 13
[2025-02-01 20:24:37] ERROR: Error updating timeline: undefined, userId = 4, timelineId = 13
[2025-02-05 00:07:00] ERROR: Error retrieving timelines for user: 1, Error: Cannot read properties of undefined (reading 'findMany')
[2025-02-05 00:07:00] ERROR: Error fetching timelines: userId = 1, error: Cannot read properties of undefined (reading 'findMany')
[2025-02-05 00:07:32] ERROR: Error retrieving timelines for user: 1, Error: Cannot read properties of undefined (reading 'findMany')
[2025-02-05 00:07:32] ERROR: Error fetching timelines: userId = 1, error: Cannot read properties of undefined (reading 'findMany')
[2025-02-05 00:08:57] ERROR: Error retrieving timelines for user: 1, Error: Cannot read properties of undefined (reading 'findMany')
[2025-02-05 00:08:57] ERROR: Error fetching timelines: userId = 1, error: Cannot read properties of undefined (reading 'findMany')
[2025-02-05 00:08:58] ERROR: Error retrieving timelines for user: 1, Error: Cannot read properties of undefined (reading 'findMany')
[2025-02-05 00:08:58] ERROR: Error fetching timelines: userId = 1, error: Cannot read properties of undefined (reading 'findMany')
[2025-02-05 00:10:19] ERROR: Error retrieving timelines for user: 1, Error: Cannot read properties of undefined (reading 'findMany')
[2025-02-05 00:10:19] ERROR: Error fetching timelines: userId = 1, error: Cannot read properties of undefined (reading 'findMany')
[2025-02-05 00:10:21] ERROR: Error retrieving timelines for user: 1, Error: Cannot read properties of undefined (reading 'findMany')
[2025-02-05 00:10:21] ERROR: Error fetching timelines: userId = 1, error: Cannot read properties of undefined (reading 'findMany')
[2025-02-05 00:17:58] ERROR: Error retrieving timelines for user: 2, Error: Cannot read properties of undefined (reading 'findMany')
[2025-02-05 00:17:58] ERROR: Error fetching timelines: userId = 2, error: Cannot read properties of undefined (reading 'findMany')
[2025-02-05 00:19:49] ERROR: Error retrieving timelines for user: 2, Error: Cannot read properties of undefined (reading 'findMany')
[2025-02-05 00:19:49] ERROR: Error fetching timelines: userId = 2, error: Cannot read properties of undefined (reading 'findMany')
[2025-02-05 00:24:46] ERROR: Error retrieving timelines for user: 2, Error: Cannot read properties of undefined (reading 'findMany')
[2025-02-05 00:24:46] ERROR: Error fetching timelines: userId = 2, error: Cannot read properties of undefined (reading 'findMany')
[2025-02-05 00:24:48] ERROR: Error retrieving timelines for user: 2, Error: Cannot read properties of undefined (reading 'findMany')
[2025-02-05 00:24:48] ERROR: Error fetching timelines: userId = 2, error: Cannot read properties of undefined (reading 'findMany')
[2025-02-05 00:25:47] ERROR: Error retrieving timelines for user: 2, Error: Cannot read properties of undefined (reading 'findMany')
[2025-02-05 00:25:47] ERROR: Error fetching timelines: userId = 2, error: Cannot read properties of undefined (reading 'findMany')
[2025-02-05 00:25:49] ERROR: Error retrieving timelines for user: 2, Error: Cannot read properties of undefined (reading 'findMany')
[2025-02-05 00:25:49] ERROR: Error fetching timelines: userId = 2, error: Cannot read properties of undefined (reading 'findMany')
[2025-02-05 00:25:55] ERROR: Error retrieving timelines for user: 2, Error: Cannot read properties of undefined (reading 'findMany')
[2025-02-05 00:25:55] ERROR: Error fetching timelines: userId = 2, error: Cannot read properties of undefined (reading 'findMany')
[2025-02-05 00:26:22] ERROR: Error retrieving timelines for user: 2, Error: Cannot read properties of undefined (reading 'findMany')
[2025-02-05 00:26:22] ERROR: Error fetching timelines: userId = 2, error: Cannot read properties of undefined (reading 'findMany')
[2025-02-05 00:47:36] ERROR: User 1: 스크랩 조회 중 오류 발생 - Cannot read properties of undefined (reading 'findMany') Cannot read properties of undefined (reading 'findMany')
[2025-02-05 00:47:51] ERROR: Error retrieving timelines for user: 1, Error: Cannot read properties of undefined (reading 'findMany')
[2025-02-05 00:47:51] ERROR: Error fetching timelines: userId = 1, error: Cannot read properties of undefined (reading 'findMany')
